<?xml version="1.0"?>

<!-- A minimial RIF-CS collection -->

<registryObjects xmlns="http://ands.org.au/standards/rif-cs/registryObjects">

  <registryObject group="test-group">
     <key>test-06</key>
     <originatingSource>http://example.com</originatingSource>
     <!-- missing choice -->
  </registryObject>

</registryObjects>
