<?xml version="1.0"?>

<root xmlns="http://ns.example.com/2012/test/attributeGroup"
      foo="abc"
      bar="def">
</root>
