<?xml version="1.0"?>

<root xmlns="http://ns.example.com/2012/xsd-features/element-empty"/>
